Build started 4/15/2010 1:47:37 AM.
     1>Project "d:\test\networking\networking\networking.vcxproj" on node 10 (rebuild target(s)).
         Deleting file "Debug\lastbuild.timestamp".
         Deleting file "Debug\lastsuccessfulbuild.timestamp".
     1>_PrepareForBuild:
         Creating "Debug\lastbuild.timestamp" because "AlwaysCreate" was specified.
       ClCompile:
         server.cpp
       ManifestResourceCompile:
         Microsoft (R) Windows (R) Resource Compiler Version 6.1.7000.0
         
         Copyright (C) Microsoft Corporation.  All rights reserved.
         
         
       Manifest:
         Microsoft (R) Windows (R) Resource Compiler Version 6.1.7000.0
         
         Copyright (C) Microsoft Corporation.  All rights reserved.
         
         
       LinkEmbedManifest:
         networking.vcxproj -> d:\test\networking\Debug\server.exe
       _AfterBuild:
         Creating "Debug\LastSuccessfulBuild.timestamp" because "AlwaysCreate" was specified.
     1>Done Building Project "d:\test\networking\networking\networking.vcxproj" (rebuild target(s)).

Build succeeded.

Time Elapsed 00:00:02.06
